2026-05-24 12:12:52  WALL-CLOCK START. Branch phase-c-night-1 @ a80dd11. Disk free 390.75 GB (>=20 GB OK).
2026-05-24 12:13:00  Setup 1-2 OK: worktree clean, on phase-c-night-1, disk precheck passed.
2026-05-24 12:13:30  Setup 8 OK: verified FocalLoss (train.py:19), loss branch (train.py:154-162), sampler wiring (train.py:129-135), make_balanced_sampler (data.py:87). Infra correct.
2026-05-24 12:13:30  Setup 10 OK: three v2 configs match design (focal+alpha / sampler-only / focal-gamma+sampler; run_dir=runs_v2, figures_dir=docs/figures/c_phase).
2026-05-24 12:13:40  Setup 6 OK: loaded v1 baselines (resnet50 mel-recall 54.79% / F1 69.03%; densenet121 58.51% / 68.96%; efficientnet_b0 57.45% / 64.77%; mobilenetv3 56.91% / 57.26%).
2026-05-24 12:13:50  Setup 3-7: created runs_v2/, .gitignore, STATUS.md, SUMMARY.md (v1 baselines), progress.log.
2026-05-24 12:14:30  EXP1 resnet50_v2_focal_loss: launching training (config ham10000_v2_focal.yaml, model resnet50) in background.
2026-05-24 12:25:30  EXP1: training done (early stop @ epoch 15, best val F1 0.660 @ epoch 10). Running test evaluation.
2026-05-24 12:26:00  EXP1: test eval done — mel recall 64.89%, macro F1 64.68%, bal acc 73.98%. Both below thresholds => FAIL. Calibrating.
2026-05-24 12:27:00  EXP1: calibrated (T=0.936, val ECE 0.0204, test ECE 0.0297). Renamed dir -> resnet50_v2_focal_loss. SUMMARY+STATUS updated. Committing.
2026-05-24 12:27:30  EXP1 committed. EXP2 resnet50_v2_balanced_sampler: launching training (config ham10000_v2_sampler.yaml, model resnet50) in background.
2026-05-24 12:37:00  EXP2: training done. Running test evaluation.
2026-05-24 12:37:30  EXP2: test eval done — mel recall 50.00%, macro F1 71.18%, bal acc 73.28%. mel <68% => FAIL. Calibrating.
2026-05-24 12:38:00  EXP2: calibrated (T=2.022, val ECE 0.0161, test ECE 0.0319). Renamed dir -> resnet50_v2_balanced_sampler. SUMMARY+STATUS updated. Committing.
2026-05-24 12:38:30  EXP2 committed. EXP3 resnet50_v2_focal_plus_sampler: launching training (config ham10000_v2_focal_sampler.yaml, model resnet50) in background.
2026-05-24 12:48:00  EXP3: training done. Running test evaluation.
2026-05-24 12:48:30  EXP3: test eval done — mel recall 73.40%, macro F1 70.08%, bal acc 76.44%. BOTH thresholds met => PASS (winning variant). Calibrating.
2026-05-24 12:49:30  EXP3: calibrated (T=0.898, val ECE 0.0214, test ECE 0.0248). Renamed dir -> resnet50_v2_focal_plus_sampler. SUMMARY+STATUS updated. Committing.
2026-05-24 12:50:00  EXP3 committed (PASS). EXP4 mobilenetv3_small_100_v2_focal_plus_sampler: launching training (config ham10000_v2_focal_sampler.yaml, model mobilenetv3_small_100) in background.
2026-05-24 12:56:00  EXP4: training done. Running test evaluation.
2026-05-24 12:56:30  EXP4: test eval done — mel recall 48.94%, macro F1 60.31%, bal acc 72.95%. Both below thresholds => FAIL. focal+sampler did NOT transfer to MobileNetV3-small. Calibrating.
2026-05-24 12:57:30  EXP4: calibrated (T=0.927, val ECE 0.0231, test ECE 0.0337). Renamed dir -> mobilenetv3_small_100_v2_focal_plus_sampler. All 4 core experiments DONE. Committing exp4.
2026-05-24 13:00:00  EXP4 committed. All 4 core DONE (exp3 PASS, others FAIL). Generated 2 figures. Wrote SUMMARY recommendation. Committing 5th (summary) commit.
